g:\c#\c\c\debug\vc142.pdb
g:\c#\c\c\debug\vc142.idb
g:\c#\c\c\debug\main.obj
g:\c#\c\c\debug\source.obj
g:\c#\c\debug\c.pdb
g:\c#\c\c\debug\c.tlog\cl.command.1.tlog
g:\c#\c\c\debug\c.tlog\cl.read.1.tlog
g:\c#\c\c\debug\c.tlog\cl.write.1.tlog
g:\c#\c\c\debug\c.tlog\link-cvtres.read.1.tlog
g:\c#\c\c\debug\c.tlog\link-cvtres.write.1.tlog
g:\c#\c\c\debug\c.tlog\link-rc.read.1.tlog
g:\c#\c\c\debug\c.tlog\link-rc.write.1.tlog
g:\c#\c\c\debug\c.tlog\link.1332-cvtres.read.1.tlog
g:\c#\c\c\debug\c.tlog\link.1332-cvtres.write.1.tlog
g:\c#\c\c\debug\c.tlog\link.1332-rc.read.1.tlog
g:\c#\c\c\debug\c.tlog\link.1332-rc.write.1.tlog
g:\c#\c\c\debug\c.tlog\link.1332.read.1.tlog
g:\c#\c\c\debug\c.tlog\link.1332.write.1.tlog
g:\c#\c\c\debug\c.tlog\link.command.1.tlog
g:\c#\c\c\debug\c.tlog\link.read.1.tlog
g:\c#\c\c\debug\c.tlog\link.write.1.tlog
g:\c#\c\c\debug\c.tlog\masm.read.1u.tlog
g:\c#\c\c\debug\c.tlog\masm.write.1u.tlog
